*** Starting uWSGI 2.0.11.1 (32bit) on [Sat Oct  3 19:24:21 2015] ***
compiled with version: 5.2.0 on 09 August 2015 15:08:59
os: Linux-3.18.14-2-ARCH #1 SMP PREEMPT Thu May 28 07:19:33 MDT 2015
nodename: pi1
machine: armv7l
clock source: unix
pcre jit disabled
detected number of CPU cores: 4
current working directory: /
writing pidfile to /srv/http/app/run/.pid
detected binary path: /usr/bin/uwsgi
chdir() to /srv/http/app/htdocs
your processes number limit is 7328
your memory page size is 4096 bytes
detected max file descriptor number: 1024
lock engine: pthread robust mutexes
thunder lock: disabled (you can enable it with --thunder-lock)
uwsgi socket 0 bound to UNIX address /srv/http/app/run/app.uwsgi.sock fd 3
Python version: 3.4.3 (default, Mar 26 2015, 06:22:32)  [GCC 4.9.2 20141224 (prerelease)]
*** Python threads support is disabled. You can enable it with --enable-threads ***
Python main interpreter initialized at 0x14c8098
your server socket listen backlog is limited to 100 connections
your mercy for graceful operations on workers is 60 seconds
mapped 128512 bytes (125 KB) for 1 cores
*** Operational MODE: single process ***
WSGI app 0 (mountpoint='') ready in 2 seconds on interpreter 0x14c8098 pid: 30738 (default app)
*** uWSGI is running in multiple interpreter mode ***
spawned uWSGI master process (pid: 30738)
spawned uWSGI worker 1 (pid: 30740, cores: 1)
[pid: 30740|app: 0|req: 1/1] 192.168.1.1 () {38 vars in 710 bytes} [Sat Oct  3 19:24:29 2015] GET /gps => generated 23250 bytes in 491 msecs (HTTP/1.1 200) 2 headers in 82 bytes (1 switches on core 0)
announcing my loyalty to the Emperor...
SIGINT/SIGQUIT received...killing workers...
Sat Oct  3 19:43:45 2015 - received message 0 from emperor
worker 1 buried after 1 seconds
goodbye to uWSGI.
*** Starting uWSGI 2.0.11.1 (32bit) on [Sat Oct  3 19:43:48 2015] ***
compiled with version: 5.2.0 on 09 August 2015 15:08:59
os: Linux-3.18.14-2-ARCH #1 SMP PREEMPT Thu May 28 07:19:33 MDT 2015
nodename: pi1
machine: armv7l
clock source: unix
pcre jit disabled
detected number of CPU cores: 4
current working directory: /
writing pidfile to /srv/http/app/run/.pid
detected binary path: /usr/bin/uwsgi
chdir() to /srv/http/app/htdocs
your processes number limit is 7328
your memory page size is 4096 bytes
detected max file descriptor number: 1024
lock engine: pthread robust mutexes
thunder lock: disabled (you can enable it with --thunder-lock)
uwsgi socket 0 bound to UNIX address /srv/http/app/run/app.uwsgi.sock fd 3
Python version: 3.4.3 (default, Mar 26 2015, 06:22:32)  [GCC 4.9.2 20141224 (prerelease)]
*** Python threads support is disabled. You can enable it with --enable-threads ***
Python main interpreter initialized at 0x1176098
your server socket listen backlog is limited to 100 connections
your mercy for graceful operations on workers is 60 seconds
mapped 128512 bytes (125 KB) for 1 cores
*** Operational MODE: single process ***
WSGI app 0 (mountpoint='') ready in 2 seconds on interpreter 0x1176098 pid: 30815 (default app)
*** uWSGI is running in multiple interpreter mode ***
spawned uWSGI master process (pid: 30815)
spawned uWSGI worker 1 (pid: 30818, cores: 1)
[pid: 30818|app: 0|req: 1/1] 192.168.1.1 () {38 vars in 666 bytes} [Sat Oct  3 19:44:15 2015] GET /gps => generated 23250 bytes in 409 msecs (HTTP/1.1 200) 2 headers in 82 bytes (1 switches on core 0)
announcing my loyalty to the Emperor...
[pid: 30818|app: 0|req: 2/2] 192.168.1.1 () {38 vars in 631 bytes} [Sat Oct  3 19:44:16 2015] GET /favicon.ico => generated 233 bytes in 133 msecs (HTTP/1.1 404) 2 headers in 72 bytes (1 switches on core 0)
