[2016-04-30 20:02:27 +0200] [2331] [INFO] Starting gunicorn 19.4.5
[2016-04-30 20:02:27 +0200] [2331] [INFO] Listening at: unix:/srv/http/mundilfare/run/gunicorn.socket,http://0.0.0.0:9000,http://[::]:8000 (2331)
[2016-04-30 20:02:27 +0200] [2331] [INFO] Using worker: gevent
[2016-04-30 20:02:27 +0200] [2342] [INFO] Booting worker with pid: 2342
[2016-04-30 20:37:52 +0200] [2331] [INFO] Handling signal: hup
[2016-04-30 20:37:52 +0200] [2331] [INFO] Hang up: Master
[2016-04-30 20:37:52 +0200] [4340] [INFO] Booting worker with pid: 4340
[2016-04-30 20:37:52 +0200] [2342] [INFO] Worker exiting (pid: 2342)
[2016-04-30 20:40:01 +0200] [2331] [INFO] Handling signal: hup
[2016-04-30 20:40:01 +0200] [2331] [INFO] Hang up: Master
[2016-04-30 20:40:01 +0200] [4464] [INFO] Booting worker with pid: 4464
[2016-04-30 20:40:02 +0200] [4340] [INFO] Worker exiting (pid: 4340)
[2016-04-30 20:44:32 +0200] [2331] [INFO] Handling signal: hup
[2016-04-30 20:44:32 +0200] [2331] [INFO] Hang up: Master
[2016-04-30 20:44:32 +0200] [4724] [INFO] Booting worker with pid: 4724
[2016-04-30 20:44:32 +0200] [4464] [INFO] Worker exiting (pid: 4464)
[2016-04-30 20:54:06 +0200] [2331] [INFO] Handling signal: hup
[2016-04-30 20:54:06 +0200] [2331] [INFO] Hang up: Master
[2016-04-30 20:54:06 +0200] [5277] [INFO] Booting worker with pid: 5277
[2016-04-30 20:54:07 +0200] [4724] [INFO] Worker exiting (pid: 4724)
[2016-04-30 21:14:24 +0200] [2331] [INFO] Handling signal: hup
[2016-04-30 21:14:24 +0200] [2331] [INFO] Hang up: Master
[2016-04-30 21:14:24 +0200] [6425] [INFO] Booting worker with pid: 6425
[2016-04-30 21:14:24 +0200] [5277] [INFO] Worker exiting (pid: 5277)
[2016-04-30 21:15:09 +0200] [2331] [INFO] Handling signal: hup
[2016-04-30 21:15:09 +0200] [2331] [INFO] Hang up: Master
[2016-04-30 21:15:09 +0200] [6490] [INFO] Booting worker with pid: 6490
[2016-04-30 21:15:09 +0200] [6425] [INFO] Worker exiting (pid: 6425)
[2016-04-30 21:21:09 +0200] [2331] [INFO] Handling signal: hup
[2016-04-30 21:21:09 +0200] [2331] [INFO] Hang up: Master
[2016-04-30 21:21:09 +0200] [6856] [INFO] Booting worker with pid: 6856
[2016-04-30 21:21:10 +0200] [6490] [INFO] Worker exiting (pid: 6490)
[2016-04-30 21:25:50 +0200] [2331] [INFO] Handling signal: hup
[2016-04-30 21:25:50 +0200] [2331] [INFO] Hang up: Master
[2016-04-30 21:25:50 +0200] [7122] [INFO] Booting worker with pid: 7122
[2016-04-30 21:25:51 +0200] [6856] [INFO] Worker exiting (pid: 6856)
[2016-04-30 21:28:57 +0200] [2331] [INFO] Handling signal: hup
[2016-04-30 21:28:58 +0200] [2331] [INFO] Hang up: Master
[2016-04-30 21:28:58 +0200] [7309] [INFO] Booting worker with pid: 7309
[2016-04-30 21:28:58 +0200] [7122] [INFO] Worker exiting (pid: 7122)
[2016-04-30 21:29:28 +0200] [2331] [INFO] Handling signal: hup
[2016-04-30 21:29:28 +0200] [2331] [INFO] Hang up: Master
[2016-04-30 21:29:28 +0200] [7347] [INFO] Booting worker with pid: 7347
[2016-04-30 21:29:29 +0200] [7309] [INFO] Worker exiting (pid: 7309)
[2016-04-30 21:32:43 +0200] [2331] [INFO] Handling signal: hup
[2016-04-30 21:32:43 +0200] [2331] [INFO] Hang up: Master
[2016-04-30 21:32:44 +0200] [7573] [INFO] Booting worker with pid: 7573
[2016-04-30 21:32:44 +0200] [7347] [INFO] Worker exiting (pid: 7347)
[2016-04-30 21:34:31 +0200] [2331] [INFO] Handling signal: hup
[2016-04-30 21:34:31 +0200] [2331] [INFO] Hang up: Master
[2016-04-30 21:34:31 +0200] [7725] [INFO] Booting worker with pid: 7725
[2016-04-30 21:34:32 +0200] [7573] [INFO] Worker exiting (pid: 7573)
[2016-04-30 21:35:24 +0200] [2331] [INFO] Handling signal: hup
[2016-04-30 21:35:24 +0200] [2331] [INFO] Hang up: Master
[2016-04-30 21:35:24 +0200] [7781] [INFO] Booting worker with pid: 7781
[2016-04-30 21:35:25 +0200] [7725] [INFO] Worker exiting (pid: 7725)
[2016-04-30 21:36:23 +0200] [2331] [INFO] Handling signal: hup
[2016-04-30 21:36:23 +0200] [2331] [INFO] Hang up: Master
[2016-04-30 21:36:24 +0200] [7849] [INFO] Booting worker with pid: 7849
[2016-04-30 21:36:24 +0200] [7781] [INFO] Worker exiting (pid: 7781)
[2016-04-30 21:44:22 +0200] [2331] [INFO] Handling signal: hup
[2016-04-30 21:44:22 +0200] [2331] [INFO] Hang up: Master
[2016-04-30 21:44:22 +0200] [8307] [INFO] Booting worker with pid: 8307
[2016-04-30 21:44:23 +0200] [7849] [INFO] Worker exiting (pid: 7849)
[2016-04-30 21:44:55 +0200] [2331] [INFO] Handling signal: hup
[2016-04-30 21:44:55 +0200] [2331] [INFO] Hang up: Master
[2016-04-30 21:44:55 +0200] [8342] [INFO] Booting worker with pid: 8342
[2016-04-30 21:44:56 +0200] [8307] [INFO] Worker exiting (pid: 8307)
[2016-04-30 21:50:56 +0200] [2331] [INFO] Handling signal: hup
[2016-04-30 21:50:56 +0200] [2331] [INFO] Hang up: Master
[2016-04-30 21:50:56 +0200] [8686] [INFO] Booting worker with pid: 8686
[2016-04-30 21:50:57 +0200] [8342] [INFO] Worker exiting (pid: 8342)
[2016-04-30 21:55:25 +0200] [2331] [INFO] Handling signal: hup
[2016-04-30 21:55:25 +0200] [2331] [INFO] Hang up: Master
[2016-04-30 21:55:25 +0200] [8943] [INFO] Booting worker with pid: 8943
[2016-04-30 21:55:25 +0200] [8686] [INFO] Worker exiting (pid: 8686)
[2016-04-30 22:00:23 +0200] [2331] [INFO] Handling signal: hup
[2016-04-30 22:00:23 +0200] [2331] [INFO] Hang up: Master
[2016-04-30 22:00:23 +0200] [9229] [INFO] Booting worker with pid: 9229
[2016-04-30 22:00:23 +0200] [8943] [INFO] Worker exiting (pid: 8943)
[2016-04-30 22:00:57 +0200] [2331] [INFO] Handling signal: hup
[2016-04-30 22:00:57 +0200] [2331] [INFO] Hang up: Master
[2016-04-30 22:00:57 +0200] [9263] [INFO] Booting worker with pid: 9263
[2016-04-30 22:00:58 +0200] [9229] [INFO] Worker exiting (pid: 9229)
[2016-04-30 22:06:13 +0200] [2331] [INFO] Handling signal: hup
[2016-04-30 22:06:13 +0200] [2331] [INFO] Hang up: Master
[2016-04-30 22:06:14 +0200] [9563] [INFO] Booting worker with pid: 9563
[2016-04-30 22:06:14 +0200] [9263] [INFO] Worker exiting (pid: 9263)
[2016-04-30 22:11:17 +0200] [2331] [INFO] Handling signal: hup
[2016-04-30 22:11:17 +0200] [2331] [INFO] Hang up: Master
[2016-04-30 22:11:17 +0200] [9846] [INFO] Booting worker with pid: 9846
[2016-04-30 22:11:18 +0200] [9563] [INFO] Worker exiting (pid: 9563)
[2016-04-30 22:33:12 +0200] [2331] [INFO] Handling signal: hup
[2016-04-30 22:33:12 +0200] [2331] [INFO] Hang up: Master
[2016-04-30 22:33:13 +0200] [11164] [INFO] Booting worker with pid: 11164
[2016-04-30 22:33:13 +0200] [9846] [INFO] Worker exiting (pid: 9846)
[2016-04-30 22:37:47 +0200] [2331] [INFO] Handling signal: hup
[2016-04-30 22:37:47 +0200] [2331] [INFO] Hang up: Master
[2016-04-30 22:37:48 +0200] [11428] [INFO] Booting worker with pid: 11428
[2016-04-30 22:37:48 +0200] [11164] [INFO] Worker exiting (pid: 11164)
[2016-04-30 22:38:45 +0200] [2331] [INFO] Handling signal: term
[2016-04-30 22:38:46 +0200] [11428] [INFO] Worker exiting (pid: 11428)
[2016-04-30 22:38:46 +0200] [2331] [INFO] Shutting down: Master
[2016-04-30 22:38:49 +0200] [11505] [INFO] Starting gunicorn 19.4.5
[2016-04-30 22:38:49 +0200] [11505] [INFO] Listening at: unix:/srv/http/mundilfare/run/gunicorn.socket,http://0.0.0.0:9000,http://[::]:8000 (11505)
[2016-04-30 22:38:49 +0200] [11505] [INFO] Using worker: gevent
[2016-04-30 22:38:49 +0200] [11515] [INFO] Booting worker with pid: 11515
[2016-04-30 22:53:34 +0200] [11505] [INFO] Handling signal: hup
[2016-04-30 22:53:34 +0200] [11505] [INFO] Hang up: Master
[2016-04-30 22:53:34 +0200] [12337] [INFO] Booting worker with pid: 12337
[2016-04-30 22:53:35 +0200] [11515] [INFO] Worker exiting (pid: 11515)
[2016-04-30 22:54:19 +0200] [11505] [INFO] Handling signal: hup
[2016-04-30 22:54:19 +0200] [11505] [INFO] Hang up: Master
[2016-04-30 22:54:19 +0200] [12382] [INFO] Booting worker with pid: 12382
[2016-04-30 22:54:20 +0200] [12337] [INFO] Worker exiting (pid: 12337)
[2016-04-30 22:57:33 +0200] [11505] [INFO] Handling signal: hup
[2016-04-30 22:57:33 +0200] [11505] [INFO] Hang up: Master
[2016-04-30 22:57:33 +0200] [12567] [INFO] Booting worker with pid: 12567
[2016-04-30 22:57:33 +0200] [12382] [INFO] Worker exiting (pid: 12382)
[2016-04-30 23:13:21 +0200] [11505] [INFO] Handling signal: hup
[2016-04-30 23:13:21 +0200] [11505] [INFO] Hang up: Master
[2016-04-30 23:13:21 +0200] [13445] [INFO] Booting worker with pid: 13445
[2016-04-30 23:13:22 +0200] [12567] [INFO] Worker exiting (pid: 12567)
[2016-04-30 23:14:39 +0200] [11505] [INFO] Handling signal: hup
[2016-04-30 23:14:39 +0200] [11505] [INFO] Hang up: Master
[2016-04-30 23:14:39 +0200] [13519] [INFO] Booting worker with pid: 13519
[2016-04-30 23:14:40 +0200] [13445] [INFO] Worker exiting (pid: 13445)
[2016-04-30 23:15:35 +0200] [11505] [INFO] Handling signal: hup
[2016-04-30 23:15:35 +0200] [11505] [INFO] Hang up: Master
[2016-04-30 23:15:35 +0200] [13580] [INFO] Booting worker with pid: 13580
[2016-04-30 23:15:36 +0200] [13519] [INFO] Worker exiting (pid: 13519)
[2016-04-30 23:16:25 +0200] [11505] [INFO] Handling signal: hup
[2016-04-30 23:16:25 +0200] [11505] [INFO] Hang up: Master
[2016-04-30 23:16:25 +0200] [13624] [INFO] Booting worker with pid: 13624
[2016-04-30 23:16:25 +0200] [13580] [INFO] Worker exiting (pid: 13580)
[2016-04-30 23:16:45 +0200] [11505] [INFO] Handling signal: hup
[2016-04-30 23:16:45 +0200] [11505] [INFO] Hang up: Master
[2016-04-30 23:16:46 +0200] [13648] [INFO] Booting worker with pid: 13648
[2016-04-30 23:16:46 +0200] [13624] [INFO] Worker exiting (pid: 13624)
[2016-04-30 23:23:00 +0200] [11505] [INFO] Handling signal: hup
[2016-04-30 23:23:00 +0200] [11505] [INFO] Hang up: Master
[2016-04-30 23:23:00 +0200] [13998] [INFO] Booting worker with pid: 13998
[2016-04-30 23:23:01 +0200] [13648] [INFO] Worker exiting (pid: 13648)
[2016-04-30 23:23:52 +0200] [11505] [INFO] Handling signal: hup
[2016-04-30 23:23:52 +0200] [11505] [INFO] Hang up: Master
[2016-04-30 23:23:52 +0200] [14052] [INFO] Booting worker with pid: 14052
[2016-04-30 23:23:53 +0200] [13998] [INFO] Worker exiting (pid: 13998)
[2016-04-30 23:35:51 +0200] [11505] [INFO] Handling signal: hup
[2016-04-30 23:35:51 +0200] [11505] [INFO] Hang up: Master
[2016-04-30 23:35:51 +0200] [14732] [INFO] Booting worker with pid: 14732
[2016-04-30 23:35:52 +0200] [14052] [INFO] Worker exiting (pid: 14052)
[2016-04-30 23:36:15 +0200] [11505] [INFO] Handling signal: hup
[2016-04-30 23:36:15 +0200] [11505] [INFO] Hang up: Master
[2016-04-30 23:36:15 +0200] [14757] [INFO] Booting worker with pid: 14757
[2016-04-30 23:36:15 +0200] [14732] [INFO] Worker exiting (pid: 14732)
[2016-04-30 23:37:08 +0200] [11505] [INFO] Handling signal: hup
[2016-04-30 23:37:08 +0200] [11505] [INFO] Hang up: Master
[2016-04-30 23:37:09 +0200] [14811] [INFO] Booting worker with pid: 14811
[2016-04-30 23:37:09 +0200] [14757] [INFO] Worker exiting (pid: 14757)
[2016-04-30 23:38:52 +0200] [11505] [INFO] Handling signal: hup
[2016-04-30 23:38:52 +0200] [11505] [INFO] Hang up: Master
[2016-04-30 23:38:52 +0200] [14905] [INFO] Booting worker with pid: 14905
[2016-04-30 23:38:52 +0200] [14811] [INFO] Worker exiting (pid: 14811)
[2016-05-01 00:55:19 +0200] [11505] [INFO] Handling signal: hup
[2016-05-01 00:55:19 +0200] [11505] [INFO] Hang up: Master
[2016-05-01 00:55:19 +0200] [4961] [INFO] Booting worker with pid: 4961
[2016-05-01 00:55:19 +0200] [14905] [INFO] Worker exiting (pid: 14905)
[2016-05-01 00:56:02 +0200] [11505] [INFO] Handling signal: hup
[2016-05-01 00:56:02 +0200] [11505] [INFO] Hang up: Master
[2016-05-01 00:56:02 +0200] [5001] [INFO] Booting worker with pid: 5001
[2016-05-01 00:56:02 +0200] [4961] [INFO] Worker exiting (pid: 4961)
[2016-05-01 00:57:19 +0200] [11505] [INFO] Handling signal: hup
[2016-05-01 00:57:19 +0200] [11505] [INFO] Hang up: Master
[2016-05-01 00:57:20 +0200] [5076] [INFO] Booting worker with pid: 5076
[2016-05-01 00:57:20 +0200] [5001] [INFO] Worker exiting (pid: 5001)
[2016-05-01 00:57:25 +0200] [11505] [INFO] Handling signal: hup
[2016-05-01 00:57:25 +0200] [11505] [INFO] Hang up: Master
[2016-05-01 00:57:25 +0200] [5085] [INFO] Booting worker with pid: 5085
[2016-05-01 00:57:26 +0200] [5076] [INFO] Worker exiting (pid: 5076)
[2016-05-01 19:21:26 +0200] [11505] [INFO] Handling signal: hup
[2016-05-01 19:21:26 +0200] [11505] [INFO] Hang up: Master
[2016-05-01 19:21:26 +0200] [1351] [INFO] Booting worker with pid: 1351
[2016-05-01 19:21:26 +0200] [5085] [INFO] Worker exiting (pid: 5085)
[2016-05-01 20:27:58 +0200] [11505] [INFO] Handling signal: hup
[2016-05-01 20:27:58 +0200] [11505] [INFO] Hang up: Master
[2016-05-01 20:27:59 +0200] [5045] [INFO] Booting worker with pid: 5045
[2016-05-01 20:27:59 +0200] [1351] [INFO] Worker exiting (pid: 1351)
[2016-05-01 20:30:18 +0200] [11505] [INFO] Handling signal: hup
[2016-05-01 20:30:18 +0200] [11505] [INFO] Hang up: Master
[2016-05-01 20:30:18 +0200] [5175] [INFO] Booting worker with pid: 5175
[2016-05-01 20:30:19 +0200] [5045] [INFO] Worker exiting (pid: 5045)
[2016-05-01 20:30:34 +0200] [11505] [INFO] Handling signal: hup
[2016-05-01 20:30:34 +0200] [11505] [INFO] Hang up: Master
[2016-05-01 20:30:34 +0200] [5194] [INFO] Booting worker with pid: 5194
[2016-05-01 20:30:35 +0200] [5175] [INFO] Worker exiting (pid: 5175)
[2016-05-01 20:31:22 +0200] [11505] [INFO] Handling signal: hup
[2016-05-01 20:31:22 +0200] [11505] [INFO] Hang up: Master
[2016-05-01 20:31:22 +0200] [5247] [INFO] Booting worker with pid: 5247
[2016-05-01 20:31:22 +0200] [5194] [INFO] Worker exiting (pid: 5194)
[2016-05-01 20:31:46 +0200] [11505] [INFO] Handling signal: hup
[2016-05-01 20:31:46 +0200] [11505] [INFO] Hang up: Master
[2016-05-01 20:31:46 +0200] [5271] [INFO] Booting worker with pid: 5271
[2016-05-01 20:31:47 +0200] [5247] [INFO] Worker exiting (pid: 5247)
[2016-05-01 20:37:08 +0200] [11505] [INFO] Handling signal: hup
[2016-05-01 20:37:08 +0200] [11505] [INFO] Hang up: Master
[2016-05-01 20:37:08 +0200] [5575] [INFO] Booting worker with pid: 5575
[2016-05-01 20:37:08 +0200] [5271] [INFO] Worker exiting (pid: 5271)
[2016-05-01 20:57:51 +0200] [11505] [INFO] Handling signal: hup
[2016-05-01 20:57:51 +0200] [11505] [INFO] Hang up: Master
[2016-05-01 20:57:51 +0200] [6756] [INFO] Booting worker with pid: 6756
[2016-05-01 20:57:52 +0200] [5575] [INFO] Worker exiting (pid: 5575)
[2016-05-01 21:09:02 +0200] [11505] [INFO] Handling signal: hup
[2016-05-01 21:09:03 +0200] [11505] [INFO] Hang up: Master
[2016-05-01 21:09:03 +0200] [7392] [INFO] Booting worker with pid: 7392
[2016-05-01 21:09:03 +0200] [6756] [INFO] Worker exiting (pid: 6756)
[2016-05-01 21:10:19 +0200] [11505] [INFO] Handling signal: hup
[2016-05-01 21:10:19 +0200] [11505] [INFO] Hang up: Master
[2016-05-01 21:10:19 +0200] [7470] [INFO] Booting worker with pid: 7470
[2016-05-01 21:10:20 +0200] [7392] [INFO] Worker exiting (pid: 7392)
[2016-05-02 21:24:20 +0200] [11505] [INFO] Handling signal: hup
[2016-05-02 21:24:20 +0200] [11505] [INFO] Hang up: Master
[2016-05-02 21:24:20 +0200] [23119] [INFO] Booting worker with pid: 23119
[2016-05-02 21:24:20 +0200] [7470] [INFO] Worker exiting (pid: 7470)
[2016-05-02 21:29:09 +0200] [11505] [INFO] Handling signal: hup
[2016-05-02 21:29:09 +0200] [11505] [INFO] Hang up: Master
[2016-05-02 21:29:09 +0200] [23392] [INFO] Booting worker with pid: 23392
[2016-05-02 21:29:09 +0200] [23119] [INFO] Worker exiting (pid: 23119)
[2016-05-03 07:08:12 +0200] [11505] [INFO] Handling signal: hup
[2016-05-03 07:08:12 +0200] [11505] [INFO] Hang up: Master
[2016-05-03 07:08:12 +0200] [23040] [INFO] Booting worker with pid: 23040
[2016-05-03 07:08:12 +0200] [23392] [INFO] Worker exiting (pid: 23392)
[2016-05-03 07:52:21 +0200] [11505] [INFO] Handling signal: hup
[2016-05-03 07:52:21 +0200] [11505] [INFO] Hang up: Master
[2016-05-03 07:52:21 +0200] [25504] [INFO] Booting worker with pid: 25504
[2016-05-03 07:52:22 +0200] [23040] [INFO] Worker exiting (pid: 23040)
[2016-05-03 14:46:40 +0200] [11505] [INFO] Handling signal: hup
[2016-05-03 14:46:40 +0200] [11505] [INFO] Hang up: Master
[2016-05-03 14:46:40 +0200] [16081] [INFO] Booting worker with pid: 16081
[2016-05-03 14:46:41 +0200] [25504] [INFO] Worker exiting (pid: 25504)
[2016-05-03 15:02:11 +0200] [11505] [INFO] Handling signal: hup
[2016-05-03 15:02:11 +0200] [11505] [INFO] Hang up: Master
[2016-05-03 15:02:11 +0200] [16944] [INFO] Booting worker with pid: 16944
[2016-05-03 15:02:12 +0200] [16081] [INFO] Worker exiting (pid: 16081)
[2016-05-03 15:02:54 +0200] [11505] [INFO] Handling signal: hup
[2016-05-03 15:02:54 +0200] [11505] [INFO] Hang up: Master
[2016-05-03 15:02:54 +0200] [16988] [INFO] Booting worker with pid: 16988
[2016-05-03 15:02:55 +0200] [16944] [INFO] Worker exiting (pid: 16944)
[2016-05-03 15:03:31 +0200] [11505] [INFO] Handling signal: hup
[2016-05-03 15:03:31 +0200] [11505] [INFO] Hang up: Master
[2016-05-03 15:03:31 +0200] [17029] [INFO] Booting worker with pid: 17029
[2016-05-03 15:03:32 +0200] [16988] [INFO] Worker exiting (pid: 16988)
[2016-05-03 15:07:26 +0200] [11505] [INFO] Handling signal: hup
[2016-05-03 15:07:26 +0200] [11505] [INFO] Hang up: Master
[2016-05-03 15:07:26 +0200] [17245] [INFO] Booting worker with pid: 17245
[2016-05-03 15:07:26 +0200] [17029] [INFO] Worker exiting (pid: 17029)
[2016-05-03 15:08:14 +0200] [11505] [INFO] Handling signal: hup
[2016-05-03 15:08:14 +0200] [11505] [INFO] Hang up: Master
[2016-05-03 15:08:14 +0200] [17294] [INFO] Booting worker with pid: 17294
[2016-05-03 15:08:15 +0200] [17245] [INFO] Worker exiting (pid: 17245)
[2016-05-03 15:10:50 +0200] [11505] [INFO] Handling signal: hup
[2016-05-03 15:10:50 +0200] [11505] [INFO] Hang up: Master
[2016-05-03 15:10:50 +0200] [17442] [INFO] Booting worker with pid: 17442
[2016-05-03 15:10:51 +0200] [17294] [INFO] Worker exiting (pid: 17294)
[2016-05-03 15:11:14 +0200] [11505] [INFO] Handling signal: hup
[2016-05-03 15:11:14 +0200] [11505] [INFO] Hang up: Master
[2016-05-03 15:11:14 +0200] [17471] [INFO] Booting worker with pid: 17471
[2016-05-03 15:11:14 +0200] [17442] [INFO] Worker exiting (pid: 17442)
[2016-05-03 15:15:50 +0200] [11505] [INFO] Handling signal: hup
[2016-05-03 15:15:50 +0200] [11505] [INFO] Hang up: Master
[2016-05-03 15:15:51 +0200] [17729] [INFO] Booting worker with pid: 17729
[2016-05-03 15:15:51 +0200] [17471] [INFO] Worker exiting (pid: 17471)
[2016-05-03 15:16:39 +0200] [11505] [INFO] Handling signal: hup
[2016-05-03 15:16:39 +0200] [11505] [INFO] Hang up: Master
[2016-05-03 15:16:39 +0200] [17779] [INFO] Booting worker with pid: 17779
[2016-05-03 15:16:40 +0200] [17729] [INFO] Worker exiting (pid: 17729)
[2016-05-03 15:17:02 +0200] [11505] [INFO] Handling signal: hup
[2016-05-03 15:17:02 +0200] [11505] [INFO] Hang up: Master
[2016-05-03 15:17:02 +0200] [17803] [INFO] Booting worker with pid: 17803
[2016-05-03 15:17:03 +0200] [17779] [INFO] Worker exiting (pid: 17779)
[2016-05-03 15:21:23 +0200] [11505] [INFO] Handling signal: hup
[2016-05-03 15:21:23 +0200] [11505] [INFO] Hang up: Master
[2016-05-03 15:21:23 +0200] [18047] [INFO] Booting worker with pid: 18047
[2016-05-03 15:21:24 +0200] [17803] [INFO] Worker exiting (pid: 17803)
[2016-05-03 15:22:32 +0200] [11505] [INFO] Handling signal: hup
[2016-05-03 15:22:32 +0200] [11505] [INFO] Hang up: Master
[2016-05-03 15:22:32 +0200] [18118] [INFO] Booting worker with pid: 18118
[2016-05-03 15:22:33 +0200] [18047] [INFO] Worker exiting (pid: 18047)
[2016-05-03 15:55:14 +0200] [11505] [INFO] Handling signal: hup
[2016-05-03 15:55:14 +0200] [11505] [INFO] Hang up: Master
[2016-05-03 15:55:14 +0200] [19946] [INFO] Booting worker with pid: 19946
[2016-05-03 15:55:15 +0200] [18118] [INFO] Worker exiting (pid: 18118)
[2016-05-03 15:55:35 +0200] [11505] [INFO] Handling signal: hup
[2016-05-03 15:55:35 +0200] [11505] [INFO] Hang up: Master
[2016-05-03 15:55:35 +0200] [19970] [INFO] Booting worker with pid: 19970
[2016-05-03 15:55:35 +0200] [19946] [INFO] Worker exiting (pid: 19946)
[2016-05-03 15:55:53 +0200] [11505] [INFO] Handling signal: hup
[2016-05-03 15:55:53 +0200] [11505] [INFO] Hang up: Master
[2016-05-03 15:55:53 +0200] [19994] [INFO] Booting worker with pid: 19994
[2016-05-03 15:55:53 +0200] [19970] [INFO] Worker exiting (pid: 19970)
[2016-05-03 15:56:50 +0200] [11505] [INFO] Handling signal: hup
[2016-05-03 15:56:50 +0200] [11505] [INFO] Hang up: Master
[2016-05-03 15:56:50 +0200] [20048] [INFO] Booting worker with pid: 20048
[2016-05-03 15:56:50 +0200] [19994] [INFO] Worker exiting (pid: 19994)
[2016-05-03 15:57:58 +0200] [11505] [INFO] Handling signal: hup
[2016-05-03 15:57:58 +0200] [11505] [INFO] Hang up: Master
[2016-05-03 15:57:58 +0200] [20113] [INFO] Booting worker with pid: 20113
[2016-05-03 15:57:59 +0200] [20048] [INFO] Worker exiting (pid: 20048)
[2016-05-03 16:05:39 +0200] [11505] [INFO] Handling signal: hup
[2016-05-03 16:05:39 +0200] [11505] [INFO] Hang up: Master
[2016-05-03 16:05:39 +0200] [20544] [INFO] Booting worker with pid: 20544
[2016-05-03 16:05:40 +0200] [20113] [INFO] Worker exiting (pid: 20113)
[2016-05-03 16:06:04 +0200] [11505] [INFO] Handling signal: hup
[2016-05-03 16:06:04 +0200] [11505] [INFO] Hang up: Master
[2016-05-03 16:06:04 +0200] [20574] [INFO] Booting worker with pid: 20574
[2016-05-03 16:06:05 +0200] [20544] [INFO] Worker exiting (pid: 20544)
[2016-05-03 16:07:25 +0200] [11505] [INFO] Handling signal: hup
[2016-05-03 16:07:25 +0200] [11505] [INFO] Hang up: Master
[2016-05-03 16:07:25 +0200] [20648] [INFO] Booting worker with pid: 20648
[2016-05-03 16:07:26 +0200] [20574] [INFO] Worker exiting (pid: 20574)
[2016-05-03 16:07:56 +0200] [11505] [INFO] Handling signal: hup
[2016-05-03 16:07:56 +0200] [11505] [INFO] Hang up: Master
[2016-05-03 16:07:56 +0200] [20682] [INFO] Booting worker with pid: 20682
[2016-05-03 16:07:56 +0200] [20648] [INFO] Worker exiting (pid: 20648)
[2016-05-03 16:08:30 +0200] [11505] [INFO] Handling signal: hup
[2016-05-03 16:08:30 +0200] [11505] [INFO] Hang up: Master
[2016-05-03 16:08:31 +0200] [20717] [INFO] Booting worker with pid: 20717
[2016-05-03 16:08:31 +0200] [20682] [INFO] Worker exiting (pid: 20682)
[2016-05-03 16:09:45 +0200] [11505] [INFO] Handling signal: hup
[2016-05-03 16:09:45 +0200] [11505] [INFO] Hang up: Master
[2016-05-03 16:09:45 +0200] [20788] [INFO] Booting worker with pid: 20788
[2016-05-03 16:09:46 +0200] [20717] [INFO] Worker exiting (pid: 20717)
[2016-05-03 18:21:24 +0200] [11505] [INFO] Handling signal: hup
[2016-05-03 18:21:24 +0200] [11505] [INFO] Hang up: Master
[2016-05-03 18:21:25 +0200] [28144] [INFO] Booting worker with pid: 28144
[2016-05-03 18:21:25 +0200] [20788] [INFO] Worker exiting (pid: 20788)
[2016-05-03 19:30:39 +0200] [11505] [INFO] Handling signal: hup
[2016-05-03 19:30:39 +0200] [11505] [INFO] Hang up: Master
[2016-05-03 19:30:39 +0200] [32008] [INFO] Booting worker with pid: 32008
[2016-05-03 19:30:39 +0200] [28144] [INFO] Worker exiting (pid: 28144)
[2016-05-03 19:31:18 +0200] [11505] [INFO] Handling signal: hup
[2016-05-03 19:31:18 +0200] [11505] [INFO] Hang up: Master
[2016-05-03 19:31:18 +0200] [32049] [INFO] Booting worker with pid: 32049
[2016-05-03 19:31:18 +0200] [32008] [INFO] Worker exiting (pid: 32008)
[2016-05-03 19:31:43 +0200] [11505] [INFO] Handling signal: hup
[2016-05-03 19:31:43 +0200] [11505] [INFO] Hang up: Master
[2016-05-03 19:31:43 +0200] [32073] [INFO] Booting worker with pid: 32073
[2016-05-03 19:31:43 +0200] [32049] [INFO] Worker exiting (pid: 32049)
[2016-05-03 19:32:31 +0200] [11505] [INFO] Handling signal: hup
[2016-05-03 19:32:31 +0200] [11505] [INFO] Hang up: Master
[2016-05-03 19:32:31 +0200] [32123] [INFO] Booting worker with pid: 32123
[2016-05-03 19:32:31 +0200] [32073] [INFO] Worker exiting (pid: 32073)
[2016-05-03 19:34:34 +0200] [11505] [INFO] Handling signal: hup
[2016-05-03 19:34:34 +0200] [11505] [INFO] Hang up: Master
[2016-05-03 19:34:34 +0200] [32239] [INFO] Booting worker with pid: 32239
[2016-05-03 19:34:34 +0200] [32123] [INFO] Worker exiting (pid: 32123)
[2016-05-03 19:38:42 +0200] [11505] [INFO] Handling signal: hup
[2016-05-03 19:38:42 +0200] [11505] [INFO] Hang up: Master
[2016-05-03 19:38:42 +0200] [32474] [INFO] Booting worker with pid: 32474
[2016-05-03 19:38:43 +0200] [32239] [INFO] Worker exiting (pid: 32239)
[2016-05-03 19:43:07 +0200] [11505] [INFO] Handling signal: hup
[2016-05-03 19:43:07 +0200] [11505] [INFO] Hang up: Master
[2016-05-03 19:43:07 +0200] [32724] [INFO] Booting worker with pid: 32724
[2016-05-03 19:43:08 +0200] [32474] [INFO] Worker exiting (pid: 32474)
[2016-05-03 22:00:52 +0200] [11505] [INFO] Handling signal: hup
[2016-05-03 22:00:52 +0200] [11505] [INFO] Hang up: Master
[2016-05-03 22:00:53 +0200] [7907] [INFO] Booting worker with pid: 7907
[2016-05-03 22:00:53 +0200] [32724] [INFO] Worker exiting (pid: 32724)
[2016-05-03 22:01:30 +0200] [11505] [INFO] Handling signal: hup
[2016-05-03 22:01:30 +0200] [11505] [INFO] Hang up: Master
[2016-05-03 22:01:30 +0200] [7946] [INFO] Booting worker with pid: 7946
[2016-05-03 22:01:31 +0200] [7907] [INFO] Worker exiting (pid: 7907)
[2016-05-03 22:05:24 +0200] [11505] [INFO] Handling signal: hup
[2016-05-03 22:05:24 +0200] [11505] [INFO] Hang up: Master
[2016-05-03 22:05:24 +0200] [8163] [INFO] Booting worker with pid: 8163
[2016-05-03 22:05:24 +0200] [7946] [INFO] Worker exiting (pid: 7946)
[2016-05-03 22:07:19 +0200] [11505] [INFO] Handling signal: hup
[2016-05-03 22:07:19 +0200] [11505] [INFO] Hang up: Master
[2016-05-03 22:07:19 +0200] [8275] [INFO] Booting worker with pid: 8275
[2016-05-03 22:07:20 +0200] [8163] [INFO] Worker exiting (pid: 8163)
[2016-05-03 22:07:48 +0200] [11505] [INFO] Handling signal: hup
[2016-05-03 22:07:48 +0200] [11505] [INFO] Hang up: Master
[2016-05-03 22:07:49 +0200] [8309] [INFO] Booting worker with pid: 8309
[2016-05-03 22:07:49 +0200] [8275] [INFO] Worker exiting (pid: 8275)
[2016-05-03 22:10:47 +0200] [11505] [INFO] Handling signal: hup
[2016-05-03 22:10:47 +0200] [11505] [INFO] Hang up: Master
[2016-05-03 22:10:47 +0200] [8475] [INFO] Booting worker with pid: 8475
[2016-05-03 22:10:47 +0200] [8309] [INFO] Worker exiting (pid: 8309)
[2016-05-03 22:31:36 +0200] [11505] [INFO] Handling signal: hup
[2016-05-03 22:31:36 +0200] [11505] [INFO] Hang up: Master
[2016-05-03 22:31:36 +0200] [9633] [INFO] Booting worker with pid: 9633
[2016-05-03 22:31:36 +0200] [8475] [INFO] Worker exiting (pid: 8475)
[2016-05-03 22:36:09 +0200] [11505] [INFO] Handling signal: hup
[2016-05-03 22:36:09 +0200] [11505] [INFO] Hang up: Master
[2016-05-03 22:36:09 +0200] [9885] [INFO] Booting worker with pid: 9885
[2016-05-03 22:36:10 +0200] [9633] [INFO] Worker exiting (pid: 9633)
[2016-05-03 22:50:17 +0200] [11505] [INFO] Handling signal: hup
[2016-05-03 22:50:17 +0200] [11505] [INFO] Hang up: Master
[2016-05-03 22:50:17 +0200] [10673] [INFO] Booting worker with pid: 10673
[2016-05-03 22:50:18 +0200] [9885] [INFO] Worker exiting (pid: 9885)
[2016-05-03 22:50:57 +0200] [11505] [INFO] Handling signal: hup
[2016-05-03 22:50:57 +0200] [11505] [INFO] Hang up: Master
[2016-05-03 22:50:57 +0200] [10717] [INFO] Booting worker with pid: 10717
[2016-05-03 22:50:57 +0200] [10673] [INFO] Worker exiting (pid: 10673)
[2016-05-03 22:53:00 +0200] [11505] [INFO] Handling signal: hup
[2016-05-03 22:53:00 +0200] [11505] [INFO] Hang up: Master
[2016-05-03 22:53:00 +0200] [10833] [INFO] Booting worker with pid: 10833
[2016-05-03 22:53:01 +0200] [10717] [INFO] Worker exiting (pid: 10717)
[2016-05-03 23:45:08 +0200] [11505] [INFO] Handling signal: hup
[2016-05-03 23:45:08 +0200] [11505] [INFO] Hang up: Master
[2016-05-03 23:45:09 +0200] [13726] [INFO] Booting worker with pid: 13726
[2016-05-03 23:45:09 +0200] [10833] [INFO] Worker exiting (pid: 10833)
[2016-05-03 23:49:04 +0200] [11505] [INFO] Handling signal: hup
[2016-05-03 23:49:04 +0200] [11505] [INFO] Hang up: Master
[2016-05-03 23:49:04 +0200] [13948] [INFO] Booting worker with pid: 13948
[2016-05-03 23:49:05 +0200] [13726] [INFO] Worker exiting (pid: 13726)
[2016-05-04 00:20:56 +0200] [11505] [INFO] Handling signal: hup
[2016-05-04 00:20:56 +0200] [11505] [INFO] Hang up: Master
[2016-05-04 00:20:56 +0200] [15741] [INFO] Booting worker with pid: 15741
[2016-05-04 00:20:57 +0200] [13948] [INFO] Worker exiting (pid: 13948)
[2016-05-04 00:33:07 +0200] [11505] [INFO] Handling signal: hup
[2016-05-04 00:33:07 +0200] [11505] [INFO] Hang up: Master
[2016-05-04 00:33:07 +0200] [16420] [INFO] Booting worker with pid: 16420
[2016-05-04 00:33:08 +0200] [15741] [INFO] Worker exiting (pid: 15741)
